<?xml version="1.0" encoding="UTF-8"?>
<testng-results skipped="0" failed="0" total="2" passed="2">
  <reporter-output>
  </reporter-output>
  <suite name="Default suite" duration-ms="50516" started-at="2020-12-29T11:52:33Z" finished-at="2020-12-29T11:53:24Z">
    <groups>
    </groups>
    <test name="Default test" duration-ms="50516" started-at="2020-12-29T11:52:33Z" finished-at="2020-12-29T11:53:24Z">
      <class name="utils.Homepagetest">
        <test-method status="PASS" signature="verified_product()[pri:0, instance:utils.Homepagetest@1fc391b]" name="verified_product" duration-ms="19028" started-at="2020-12-29T17:22:33Z" finished-at="2020-12-29T17:22:52Z">
          <reporter-output>
          </reporter-output>
        </test-method> <!-- verified_product -->
        <test-method status="PASS" signature="verified_search_Content()[pri:0, instance:utils.Homepagetest@1fc391b]" name="verified_search_Content" duration-ms="31171" started-at="2020-12-29T17:22:52Z" finished-at="2020-12-29T17:23:23Z">
          <reporter-output>
          </reporter-output>
        </test-method> <!-- verified_search_Content -->
        <test-method status="PASS" signature="browser_close()[pri:0, instance:utils.Homepagetest@1fc391b]" name="browser_close" is-config="true" duration-ms="156" started-at="2020-12-29T17:23:23Z" finished-at="2020-12-29T17:23:24Z">
          <reporter-output>
          </reporter-output>
        </test-method> <!-- browser_close -->
      </class> <!-- utils.Homepagetest -->
    </test> <!-- Default test -->
  </suite> <!-- Default suite -->
</testng-results>
